<?xml version="1.0" encoding="UTF-8"?>
<testng-results skipped="0" failed="0" ignored="0" total="1" passed="1">
  <reporter-output>
  </reporter-output>
  <suite name="Default suite" duration-ms="13734" started-at="2020-08-29T18:21:50 IST" finished-at="2020-08-29T18:22:04 IST">
    <groups>
      <group name="cucumber">
        <method signature="AbstractTestNGCucumberTests.runScenario(cucumber.api.testng.PickleEventWrapper, cucumber.api.testng.CucumberFeatureWrapper)[pri:0, instance:testcases.RunLoginUsingCucumber@77f99a05]" name="runScenario" class="cucumber.api.testng.AbstractTestNGCucumberTests"/>
      </group> <!-- cucumber -->
    </groups>
    <test name="Default test" duration-ms="13734" started-at="2020-08-29T18:21:50 IST" finished-at="2020-08-29T18:22:04 IST">
      <class name="testcases.RunLoginUsingCucumber">
        <test-method status="PASS" signature="startReport()[pri:0, instance:testcases.RunLoginUsingCucumber@77f99a05]" name="startReport" is-config="true" duration-ms="1043" started-at="2020-08-29T18:21:49 IST" finished-at="2020-08-29T18:21:50 IST">
          <reporter-output>
          </reporter-output>
        </test-method> <!-- startReport -->
        <test-method status="PASS" signature="setInfo()[pri:0, instance:testcases.RunLoginUsingCucumber@77f99a05]" name="setInfo" is-config="true" duration-ms="0" started-at="2020-08-29T18:21:50 IST" finished-at="2020-08-29T18:21:50 IST">
          <reporter-output>
          </reporter-output>
        </test-method> <!-- setInfo -->
        <test-method status="PASS" signature="setUpClass()[pri:0, instance:testcases.RunLoginUsingCucumber@77f99a05]" name="setUpClass" is-config="true" duration-ms="344" started-at="2020-08-29T18:21:50 IST" finished-at="2020-08-29T18:21:51 IST">
          <reporter-output>
          </reporter-output>
        </test-method> <!-- setUpClass -->
        <test-method status="PASS" signature="testDetails()[pri:0, instance:testcases.RunLoginUsingCucumber@77f99a05]" name="testDetails" is-config="true" duration-ms="7" started-at="2020-08-29T18:21:51 IST" finished-at="2020-08-29T18:21:51 IST">
          <reporter-output>
          </reporter-output>
        </test-method> <!-- testDetails -->
        <test-method status="PASS" signature="preCondition()[pri:0, instance:testcases.RunLoginUsingCucumber@77f99a05]" name="preCondition" is-config="true" duration-ms="9521" started-at="2020-08-29T18:21:51 IST" finished-at="2020-08-29T18:22:00 IST">
          <reporter-output>
          </reporter-output>
        </test-method> <!-- preCondition -->
        <test-method status="PASS" signature="runScenario(cucumber.api.testng.PickleEventWrapper, cucumber.api.testng.CucumberFeatureWrapper)[pri:0, instance:testcases.RunLoginUsingCucumber@77f99a05]" name="runScenario" duration-ms="3395" started-at="2020-08-29T18:22:00 IST" description="Runs Cucumber Scenarios" data-provider="scenarios" finished-at="2020-08-29T18:22:04 IST">
          <params>
            <param index="0">
              <value>
                <![CDATA["Login with valid credentials"]]>
              </value>
            </param>
            <param index="1">
              <value>
                <![CDATA["login functionality of Leaftaps"]]>
              </value>
            </param>
          </params>
          <reporter-output>
          </reporter-output>
        </test-method> <!-- runScenario -->
        <test-method status="PASS" signature="postCondition()[pri:0, instance:testcases.RunLoginUsingCucumber@77f99a05]" name="postCondition" is-config="true" duration-ms="336" started-at="2020-08-29T18:22:04 IST" finished-at="2020-08-29T18:22:04 IST">
          <reporter-output>
          </reporter-output>
        </test-method> <!-- postCondition -->
        <test-method status="PASS" signature="tearDownClass()[pri:0, instance:testcases.RunLoginUsingCucumber@77f99a05]" name="tearDownClass" is-config="true" duration-ms="5" started-at="2020-08-29T18:22:04 IST" finished-at="2020-08-29T18:22:04 IST">
          <reporter-output>
          </reporter-output>
        </test-method> <!-- tearDownClass -->
        <test-method status="PASS" signature="endReport()[pri:0, instance:testcases.RunLoginUsingCucumber@77f99a05]" name="endReport" is-config="true" duration-ms="782" started-at="2020-08-29T18:22:04 IST" finished-at="2020-08-29T18:22:05 IST">
          <reporter-output>
          </reporter-output>
        </test-method> <!-- endReport -->
      </class> <!-- testcases.RunLoginUsingCucumber -->
    </test> <!-- Default test -->
  </suite> <!-- Default suite -->
</testng-results>
