<?xml version="1.0" encoding="UTF-8"?>
<!-- Generated by org.testng.reporters.JUnitXMLReporter -->
<testsuite hostname="DESKTOP-U8UDBFC" ignored="2" name="Test" tests="3" failures="0" timestamp="2020-08-29T18:06:56 IST" time="30.568" errors="0">
  <testcase name="runLoginVerify" time="3.854" classname="testcases.LoginAndVerify"/>
  <testcase name="runLoginLogout" time="5.402" classname="testcases.LoginAndLogout"/>
  <testcase name="runLoginVerify" time="2.114" classname="testcases.LoginAndVerify"/>
  <testcase name="@BeforeSuite startReport" time="0.0" classname="base.BaseClass">
    <ignored/>
  </testcase> <!-- @BeforeSuite startReport -->
  <testcase name="@AfterSuite endReport" time="0.0" classname="base.BaseClass">
    <ignored/>
  </testcase> <!-- @AfterSuite endReport -->
</testsuite> <!-- Test -->
